# JRE version: Java(TM) SE Runtime Environment (20.0.1+9) (build 20.0.1+9-29)
# Java VM: Java HotSpot(TM) 64-Bit Server VM (20.0.1+9-29, mixed mode, sharing, tiered, compressed oops, compressed class ptrs, g1 gc, windows-amd64)
GC Precious Log:
 CardTable entry size: 512
 Card Set container configuration: InlinePtr #cards 5 size 8 Array Of Cards #cards 12 size 40 Howl #buckets 4 coarsen threshold 1843 Howl Bitmap #cards 512 size 80 coarsen threshold 460 Card regions per heap region 1 cards per card region 2048
 CPUs: 8 total, 8 available
 Memory: 16124M
 Large Page Support: Disabled
 NUMA Support: Disabled
 Compressed Oops: Enabled (32-bit)
 Heap Region Size: 1M
 Heap Min Capacity: 8M
 Heap Initial Capacity: 252M
 Heap Max Capacity: 1536M
 Pre-touch: Disabled
 Parallel Workers: 8
 Concurrent Workers: 2
 Concurrent Refinement Workers: 8
 Periodic GC: Disabled
Heap:
 garbage-first heap   total 99328K, used 83942K [0x00000000a0000000, 0x0000000100000000)
  region size 1024K, 29 young (29696K), 3 survivors (3072K)
 Metaspace       used 57381K, committed 59008K, reserved 1114112K
  class space    used 7768K, committed 8576K, reserved 1048576K
GC Heap History (20 events):
Event: 6.543 GC heap before
{Heap before GC invocations=4 (full 0):
 garbage-first heap   total 78848K, used 55797K [0x00000000a0000000, 0x0000000100000000)
  region size 1024K, 46 young (47104K), 12 survivors (12288K)
 Metaspace       used 25648K, committed 26816K, reserved 1114112K
  class space    used 3852K, committed 4416K, reserved 1048576K
}
Event: 6.552 GC heap after
{Heap after GC invocations=5 (full 0):
 garbage-first heap   total 78848K, used 23216K [0x00000000a0000000, 0x0000000100000000)
  region size 1024K, 3 young (3072K), 3 survivors (3072K)
 Metaspace       used 25648K, committed 26816K, reserved 1114112K
  class space    used 3852K, committed 4416K, reserved 1048576K
}
Event: 7.498 GC heap before
{Heap before GC invocations=5 (full 0):
 garbage-first heap   total 78848K, used 62128K [0x00000000a0000000, 0x0000000100000000)
  region size 1024K, 41 young (41984K), 3 survivors (3072K)
 Metaspace       used 31585K, committed 32704K, reserved 1114112K
  class space    used 4485K, committed 5056K, reserved 1048576K
}
Event: 7.507 GC heap after
{Heap after GC invocations=6 (full 0):
 garbage-first heap   total 78848K, used 28120K [0x00000000a0000000, 0x0000000100000000)
  region size 1024K, 6 young (6144K), 6 survivors (6144K)
 Metaspace       used 31585K, committed 32704K, reserved 1114112K
  class space    used 4485K, committed 5056K, reserved 1048576K
}
Event: 8.422 GC heap before
{Heap before GC invocations=6 (full 0):
 garbage-first heap   total 78848K, used 57816K [0x00000000a0000000, 0x0000000100000000)
  region size 1024K, 34 young (34816K), 6 survivors (6144K)
 Metaspace       used 34905K, committed 36096K, reserved 1114112K
  class space    used 4882K, committed 5504K, reserved 1048576K
}
Event: 8.429 GC heap after
{Heap after GC invocations=7 (full 0):
 garbage-first heap   total 78848K, used 31314K [0x00000000a0000000, 0x0000000100000000)
  region size 1024K, 4 young (4096K), 4 survivors (4096K)
 Metaspace       used 34905K, committed 36096K, reserved 1114112K
  class space    used 4882K, committed 5504K, reserved 1048576K
}
Event: 9.212 GC heap before
{Heap before GC invocations=8 (full 0):
 garbage-first heap   total 78848K, used 65106K [0x00000000a0000000, 0x0000000100000000)
  region size 1024K, 37 young (37888K), 4 survivors (4096K)
 Metaspace       used 38636K, committed 40000K, reserved 1114112K
  class space    used 5395K, committed 6080K, reserved 1048576K
}
Event: 9.217 GC heap after
{Heap after GC invocations=9 (full 0):
 garbage-first heap   total 78848K, used 34568K [0x00000000a0000000, 0x0000000100000000)
  region size 1024K, 4 young (4096K), 4 survivors (4096K)
 Metaspace       used 38636K, committed 40000K, reserved 1114112K
  class space    used 5395K, committed 6080K, reserved 1048576K
}
Event: 10.344 GC heap before
{Heap before GC invocations=9 (full 0):
 garbage-first heap   total 78848K, used 66312K [0x00000000a0000000, 0x0000000100000000)
  region size 1024K, 35 young (35840K), 4 survivors (4096K)
 Metaspace       used 41930K, committed 43392K, reserved 1114112K
  class space    used 5827K, committed 6528K, reserved 1048576K
}
Event: 10.350 GC heap after
{Heap after GC invocations=10 (full 0):
 garbage-first heap   total 78848K, used 36283K [0x00000000a0000000, 0x0000000100000000)
  region size 1024K, 3 young (3072K), 3 survivors (3072K)
 Metaspace       used 41930K, committed 43392K, reserved 1114112K
  class space    used 5827K, committed 6528K, reserved 1048576K
}
Event: 10.853 GC heap before
{Heap before GC invocations=10 (full 0):
 garbage-first heap   total 78848K, used 58811K [0x00000000a0000000, 0x0000000100000000)
  region size 1024K, 26 young (26624K), 3 survivors (3072K)
 Metaspace       used 42549K, committed 43968K, reserved 1114112K
  class space    used 5909K, committed 6592K, reserved 1048576K
}
Event: 10.857 GC heap after
{Heap after GC invocations=11 (full 0):
 garbage-first heap   total 78848K, used 38715K [0x00000000a0000000, 0x0000000100000000)
  region size 1024K, 4 young (4096K), 4 survivors (4096K)
 Metaspace       used 42549K, committed 43968K, reserved 1114112K
  class space    used 5909K, committed 6592K, reserved 1048576K
}
Event: 11.641 GC heap before
{Heap before GC invocations=12 (full 0):
 garbage-first heap   total 78848K, used 75579K [0x00000000a0000000, 0x0000000100000000)
  region size 1024K, 33 young (33792K), 4 survivors (4096K)
 Metaspace       used 45176K, committed 46720K, reserved 1114112K
  class space    used 6270K, committed 7040K, reserved 1048576K
}
Event: 11.648 GC heap after
{Heap after GC invocations=13 (full 0):
 garbage-first heap   total 88064K, used 53858K [0x00000000a0000000, 0x0000000100000000)
  region size 1024K, 5 young (5120K), 5 survivors (5120K)
 Metaspace       used 45176K, committed 46720K, reserved 1114112K
  class space    used 6270K, committed 7040K, reserved 1048576K
}
Event: 12.389 GC heap before
{Heap before GC invocations=13 (full 0):
 garbage-first heap   total 88064K, used 77410K [0x00000000a0000000, 0x0000000100000000)
  region size 1024K, 28 young (28672K), 5 survivors (5120K)
 Metaspace       used 48869K, committed 50432K, reserved 1114112K
  class space    used 6706K, committed 7488K, reserved 1048576K
}
Event: 12.393 GC heap after
{Heap after GC invocations=14 (full 0):
 garbage-first heap   total 88064K, used 54662K [0x00000000a0000000, 0x0000000100000000)
  region size 1024K, 2 young (2048K), 2 survivors (2048K)
 Metaspace       used 48869K, committed 50432K, reserved 1114112K
  class space    used 6706K, committed 7488K, reserved 1048576K
}
Event: 13.031 GC heap before
{Heap before GC invocations=14 (full 0):
 garbage-first heap   total 88064K, used 78214K [0x00000000a0000000, 0x0000000100000000)
  region size 1024K, 25 young (25600K), 2 survivors (2048K)
 Metaspace       used 52590K, committed 54208K, reserved 1114112K
  class space    used 7201K, committed 8000K, reserved 1048576K
}
Event: 13.036 GC heap after
{Heap after GC invocations=15 (full 0):
 garbage-first heap   total 88064K, used 55716K [0x00000000a0000000, 0x0000000100000000)
  region size 1024K, 3 young (3072K), 3 survivors (3072K)
 Metaspace       used 52590K, committed 54208K, reserved 1114112K
  class space    used 7201K, committed 8000K, reserved 1048576K
}
Event: 13.593 GC heap before
{Heap before GC invocations=16 (full 0):
 garbage-first heap   total 99328K, used 76196K [0x00000000a0000000, 0x0000000100000000)
  region size 1024K, 24 young (24576K), 3 survivors (3072K)
 Metaspace       used 55209K, committed 56896K, reserved 1114112K
  class space    used 7511K, committed 8320K, reserved 1048576K
}
Event: 13.599 GC heap after
{Heap after GC invocations=17 (full 0):
 garbage-first heap   total 99328K, used 58342K [0x00000000a0000000, 0x0000000100000000)
  region size 1024K, 3 young (3072K), 3 survivors (3072K)
 Metaspace       used 55209K, committed 56896K, reserved 1114112K
  class space    used 7511K, committed 8320K, reserved 1048576K
}

